<?xml version="1.0" encoding="UTF-8"?>
<!-- Generated by org.testng.reporters.JUnitReportReporter -->
<testsuite hostname="DDC5-L-B1Z2NF2" failures="0" tests="1" name="com.w2a.testcases.LoginTest" time="0.287" errors="0" timestamp="06 May 2021 07:00:04 GMT" skipped="0">
  <testcase classname="com.w2a.testcases.LoginTest" name="loginAsBankManager" time="0.287"/>
</testsuite> <!-- com.w2a.testcases.LoginTest -->
