<?xml version="1.0" encoding="UTF-8"?>
<!-- Generated by org.testng.reporters.JUnitReportReporter -->
<testsuite hostname="DDC5-L-B1Z2NF2" failures="0" tests="1" name="com.w2a.testcases.BankManagerLoginTest" time="0.000" errors="0" timestamp="12 May 2021 12:08:23 GMT" skipped="1">
  <testcase classname="com.w2a.testcases.BankManagerLoginTest" name="loginAsBankManager" time="0.000">
    <skipped/>
  </testcase> <!-- loginAsBankManager -->
</testsuite> <!-- com.w2a.testcases.BankManagerLoginTest -->
